INFO:     Will watch for changes in these directories: ["/Users/emilianobarin/Desktop/Master in Energy Management - PoliMi/Management dell'efficienza energetica/Trianni/backend"]
INFO:     Uvicorn running on http://127.0.0.1:8000 (Press CTRL+C to quit)
INFO:     Started reloader process [21021] using StatReload
INFO:     Started server process [21267]
INFO:     Waiting for application startup.
INFO:     Application startup complete.
INFO:     127.0.0.1:52437 - "HEAD /docs HTTP/1.1" 200 OK
INFO:     127.0.0.1:52469 - "OPTIONS /api/advanced/step1_evaluate HTTP/1.1" 200 OK
/Users/emilianobarin/Desktop/Master in Energy Management - PoliMi/Management dell'efficienza energetica/Trianni/backend/app/api/advanced_analytics.py:152: SettingWithCopyWarning: 
A value is trying to be set on a copy of a slice from a DataFrame.
Try using .loc[row_indexer,col_indexer] = value instead

See the caveats in the documentation: https://pandas.pydata.org/pandas-docs/stable/user_guide/indexing.html#returning-a-view-versus-a-copy
  cce_elec_vals['calc'] = (prop_cost * crf) / cce_elec_vals['elec_mwh']
/Users/emilianobarin/Desktop/Master in Energy Management - PoliMi/Management dell'efficienza energetica/Trianni/backend/app/api/advanced_analytics.py:173: SettingWithCopyWarning: 
A value is trying to be set on a copy of a slice from a DataFrame.
Try using .loc[row_indexer,col_indexer] = value instead

See the caveats in the documentation: https://pandas.pydata.org/pandas-docs/stable/user_guide/indexing.html#returning-a-view-versus-a-copy
  cce_gas_vals['calc'] = (prop_cost * crf) / cce_gas_vals['gas_mmbtu']
/Users/emilianobarin/Desktop/Master in Energy Management - PoliMi/Management dell'efficienza energetica/Trianni/backend/app/api/advanced_analytics.py:152: SettingWithCopyWarning: 
A value is trying to be set on a copy of a slice from a DataFrame.
Try using .loc[row_indexer,col_indexer] = value instead

See the caveats in the documentation: https://pandas.pydata.org/pandas-docs/stable/user_guide/indexing.html#returning-a-view-versus-a-copy
  cce_elec_vals['calc'] = (prop_cost * crf) / cce_elec_vals['elec_mwh']
/Users/emilianobarin/Desktop/Master in Energy Management - PoliMi/Management dell'efficienza energetica/Trianni/backend/app/api/advanced_analytics.py:173: SettingWithCopyWarning: 
A value is trying to be set on a copy of a slice from a DataFrame.
Try using .loc[row_indexer,col_indexer] = value instead

See the caveats in the documentation: https://pandas.pydata.org/pandas-docs/stable/user_guide/indexing.html#returning-a-view-versus-a-copy
  cce_gas_vals['calc'] = (prop_cost * crf) / cce_gas_vals['gas_mmbtu']
/Users/emilianobarin/Desktop/Master in Energy Management - PoliMi/Management dell'efficienza energetica/Trianni/backend/app/api/advanced_analytics.py:173: SettingWithCopyWarning: 
A value is trying to be set on a copy of a slice from a DataFrame.
Try using .loc[row_indexer,col_indexer] = value instead

See the caveats in the documentation: https://pandas.pydata.org/pandas-docs/stable/user_guide/indexing.html#returning-a-view-versus-a-copy
  cce_gas_vals['calc'] = (prop_cost * crf) / cce_gas_vals['gas_mmbtu']
/Users/emilianobarin/Desktop/Master in Energy Management - PoliMi/Management dell'efficienza energetica/Trianni/backend/app/api/advanced_analytics.py:173: SettingWithCopyWarning: 
A value is trying to be set on a copy of a slice from a DataFrame.
Try using .loc[row_indexer,col_indexer] = value instead

See the caveats in the documentation: https://pandas.pydata.org/pandas-docs/stable/user_guide/indexing.html#returning-a-view-versus-a-copy
  cce_gas_vals['calc'] = (prop_cost * crf) / cce_gas_vals['gas_mmbtu']
/Users/emilianobarin/Desktop/Master in Energy Management - PoliMi/Management dell'efficienza energetica/Trianni/backend/app/api/advanced_analytics.py:173: SettingWithCopyWarning: 
A value is trying to be set on a copy of a slice from a DataFrame.
Try using .loc[row_indexer,col_indexer] = value instead

See the caveats in the documentation: https://pandas.pydata.org/pandas-docs/stable/user_guide/indexing.html#returning-a-view-versus-a-copy
  cce_gas_vals['calc'] = (prop_cost * crf) / cce_gas_vals['gas_mmbtu']
/Users/emilianobarin/Desktop/Master in Energy Management - PoliMi/Management dell'efficienza energetica/Trianni/backend/app/api/advanced_analytics.py:152: SettingWithCopyWarning: 
A value is trying to be set on a copy of a slice from a DataFrame.
Try using .loc[row_indexer,col_indexer] = value instead

See the caveats in the documentation: https://pandas.pydata.org/pandas-docs/stable/user_guide/indexing.html#returning-a-view-versus-a-copy
  cce_elec_vals['calc'] = (prop_cost * crf) / cce_elec_vals['elec_mwh']
/Users/emilianobarin/Desktop/Master in Energy Management - PoliMi/Management dell'efficienza energetica/Trianni/backend/app/api/advanced_analytics.py:173: SettingWithCopyWarning: 
A value is trying to be set on a copy of a slice from a DataFrame.
Try using .loc[row_indexer,col_indexer] = value instead

See the caveats in the documentation: https://pandas.pydata.org/pandas-docs/stable/user_guide/indexing.html#returning-a-view-versus-a-copy
  cce_gas_vals['calc'] = (prop_cost * crf) / cce_gas_vals['gas_mmbtu']
/Users/emilianobarin/Desktop/Master in Energy Management - PoliMi/Management dell'efficienza energetica/Trianni/backend/app/api/advanced_analytics.py:152: SettingWithCopyWarning: 
A value is trying to be set on a copy of a slice from a DataFrame.
Try using .loc[row_indexer,col_indexer] = value instead

See the caveats in the documentation: https://pandas.pydata.org/pandas-docs/stable/user_guide/indexing.html#returning-a-view-versus-a-copy
  cce_elec_vals['calc'] = (prop_cost * crf) / cce_elec_vals['elec_mwh']
/Users/emilianobarin/Desktop/Master in Energy Management - PoliMi/Management dell'efficienza energetica/Trianni/backend/app/api/advanced_analytics.py:173: SettingWithCopyWarning: 
A value is trying to be set on a copy of a slice from a DataFrame.
Try using .loc[row_indexer,col_indexer] = value instead

See the caveats in the documentation: https://pandas.pydata.org/pandas-docs/stable/user_guide/indexing.html#returning-a-view-versus-a-copy
  cce_gas_vals['calc'] = (prop_cost * crf) / cce_gas_vals['gas_mmbtu']
/Users/emilianobarin/Desktop/Master in Energy Management - PoliMi/Management dell'efficienza energetica/Trianni/backend/app/api/advanced_analytics.py:152: SettingWithCopyWarning: 
A value is trying to be set on a copy of a slice from a DataFrame.
Try using .loc[row_indexer,col_indexer] = value instead

See the caveats in the documentation: https://pandas.pydata.org/pandas-docs/stable/user_guide/indexing.html#returning-a-view-versus-a-copy
  cce_elec_vals['calc'] = (prop_cost * crf) / cce_elec_vals['elec_mwh']
/Users/emilianobarin/Desktop/Master in Energy Management - PoliMi/Management dell'efficienza energetica/Trianni/backend/app/api/advanced_analytics.py:173: SettingWithCopyWarning: 
A value is trying to be set on a copy of a slice from a DataFrame.
Try using .loc[row_indexer,col_indexer] = value instead

See the caveats in the documentation: https://pandas.pydata.org/pandas-docs/stable/user_guide/indexing.html#returning-a-view-versus-a-copy
  cce_gas_vals['calc'] = (prop_cost * crf) / cce_gas_vals['gas_mmbtu']
/Users/emilianobarin/Desktop/Master in Energy Management - PoliMi/Management dell'efficienza energetica/Trianni/backend/app/api/advanced_analytics.py:152: SettingWithCopyWarning: 
A value is trying to be set on a copy of a slice from a DataFrame.
Try using .loc[row_indexer,col_indexer] = value instead

See the caveats in the documentation: https://pandas.pydata.org/pandas-docs/stable/user_guide/indexing.html#returning-a-view-versus-a-copy
  cce_elec_vals['calc'] = (prop_cost * crf) / cce_elec_vals['elec_mwh']
/Users/emilianobarin/Desktop/Master in Energy Management - PoliMi/Management dell'efficienza energetica/Trianni/backend/app/api/advanced_analytics.py:173: SettingWithCopyWarning: 
A value is trying to be set on a copy of a slice from a DataFrame.
Try using .loc[row_indexer,col_indexer] = value instead

See the caveats in the documentation: https://pandas.pydata.org/pandas-docs/stable/user_guide/indexing.html#returning-a-view-versus-a-copy
  cce_gas_vals['calc'] = (prop_cost * crf) / cce_gas_vals['gas_mmbtu']
/Users/emilianobarin/Desktop/Master in Energy Management - PoliMi/Management dell'efficienza energetica/Trianni/backend/app/api/advanced_analytics.py:152: SettingWithCopyWarning: 
A value is trying to be set on a copy of a slice from a DataFrame.
Try using .loc[row_indexer,col_indexer] = value instead

See the caveats in the documentation: https://pandas.pydata.org/pandas-docs/stable/user_guide/indexing.html#returning-a-view-versus-a-copy
  cce_elec_vals['calc'] = (prop_cost * crf) / cce_elec_vals['elec_mwh']
/Users/emilianobarin/Desktop/Master in Energy Management - PoliMi/Management dell'efficienza energetica/Trianni/backend/app/api/advanced_analytics.py:173: SettingWithCopyWarning: 
A value is trying to be set on a copy of a slice from a DataFrame.
Try using .loc[row_indexer,col_indexer] = value instead

See the caveats in the documentation: https://pandas.pydata.org/pandas-docs/stable/user_guide/indexing.html#returning-a-view-versus-a-copy
  cce_gas_vals['calc'] = (prop_cost * crf) / cce_gas_vals['gas_mmbtu']
/Users/emilianobarin/Desktop/Master in Energy Management - PoliMi/Management dell'efficienza energetica/Trianni/backend/app/api/advanced_analytics.py:152: SettingWithCopyWarning: 
A value is trying to be set on a copy of a slice from a DataFrame.
Try using .loc[row_indexer,col_indexer] = value instead

See the caveats in the documentation: https://pandas.pydata.org/pandas-docs/stable/user_guide/indexing.html#returning-a-view-versus-a-copy
  cce_elec_vals['calc'] = (prop_cost * crf) / cce_elec_vals['elec_mwh']
/Users/emilianobarin/Desktop/Master in Energy Management - PoliMi/Management dell'efficienza energetica/Trianni/backend/app/api/advanced_analytics.py:173: SettingWithCopyWarning: 
A value is trying to be set on a copy of a slice from a DataFrame.
Try using .loc[row_indexer,col_indexer] = value instead

See the caveats in the documentation: https://pandas.pydata.org/pandas-docs/stable/user_guide/indexing.html#returning-a-view-versus-a-copy
  cce_gas_vals['calc'] = (prop_cost * crf) / cce_gas_vals['gas_mmbtu']
/Users/emilianobarin/Desktop/Master in Energy Management - PoliMi/Management dell'efficienza energetica/Trianni/backend/app/api/advanced_analytics.py:152: SettingWithCopyWarning: 
A value is trying to be set on a copy of a slice from a DataFrame.
Try using .loc[row_indexer,col_indexer] = value instead

See the caveats in the documentation: https://pandas.pydata.org/pandas-docs/stable/user_guide/indexing.html#returning-a-view-versus-a-copy
  cce_elec_vals['calc'] = (prop_cost * crf) / cce_elec_vals['elec_mwh']
/Users/emilianobarin/Desktop/Master in Energy Management - PoliMi/Management dell'efficienza energetica/Trianni/backend/app/api/advanced_analytics.py:173: SettingWithCopyWarning: 
A value is trying to be set on a copy of a slice from a DataFrame.
Try using .loc[row_indexer,col_indexer] = value instead

See the caveats in the documentation: https://pandas.pydata.org/pandas-docs/stable/user_guide/indexing.html#returning-a-view-versus-a-copy
  cce_gas_vals['calc'] = (prop_cost * crf) / cce_gas_vals['gas_mmbtu']
/Users/emilianobarin/Desktop/Master in Energy Management - PoliMi/Management dell'efficienza energetica/Trianni/backend/app/api/advanced_analytics.py:152: SettingWithCopyWarning: 
A value is trying to be set on a copy of a slice from a DataFrame.
Try using .loc[row_indexer,col_indexer] = value instead

See the caveats in the documentation: https://pandas.pydata.org/pandas-docs/stable/user_guide/indexing.html#returning-a-view-versus-a-copy
  cce_elec_vals['calc'] = (prop_cost * crf) / cce_elec_vals['elec_mwh']
